2019-04-14 08:50:27 启动主服务器[端口: 8888]

2019-04-14 08:50:27 主服务器开始监听

2019-04-15 20:36:05 启动主服务器[端口: 8888]

2019-04-15 20:36:05 主服务器开始监听

2019-04-15 20:56:11 启动主服务器[端口: 8888]

2019-04-15 20:56:11 主服务器开始监听

2019-04-15 20:56:34 客户端连接: 127.0.0.1:51921
2019-04-15 21:12:35 启动主服务器[端口: 8888]

2019-04-15 21:13:14 启动主服务器[端口: 8888]

2019-04-15 21:14:41 启动主服务器[端口: 8888]

2019-04-15 21:15:34 启动主服务器[端口: 8888]

2019-04-15 21:18:48 启动主服务器[端口: 8888]

2019-04-15 21:20:12 启动主服务器[端口: 8888]

2019-04-15 21:20:19 主服务器开始监听

2019-04-15 21:21:19 客户端连接: 127.0.0.1:52791
2019-04-15 21:21:19 configer.ClientMap1: {{0 0} {{map[] true}} map[test:0xc000010048] 0}
2019-04-15 21:23:33 启动主服务器[端口: 8888]

2019-04-15 21:23:42 主服务器开始监听

2019-04-15 21:25:03 启动主服务器[端口: 8888]

2019-04-15 21:25:06 主服务器开始监听

2019-04-15 21:25:26 客户端连接: 127.0.0.1:52928
2019-04-15 21:25:26 configer.ClientMap1: {{0 0} {{map[] true}} map[test:0xc00011c018] 0}
2019-04-15 21:26:39 启动主服务器[端口: 8888]

2019-04-15 21:26:42 主服务器开始监听

2019-04-15 21:26:56 客户端连接: 127.0.0.1:52975
2019-04-15 21:26:56 configer.ClientMap1: {{0 0} {{map[] true}} map[test:0xc0000b8018] 0}
2019-04-15 21:27:28 启动主服务器[端口: 8888]

2019-04-15 21:27:30 主服务器开始监听

2019-04-15 21:27:48 客户端连接: 127.0.0.1:53003
2019-04-15 21:27:48 configer.ClientMap1: {{0 0} {{map[] true}} map[test:0xc00012e018] 0}
2019-04-15 21:38:49 启动主服务器[端口: 8888]

2019-04-15 21:38:57 主服务器开始监听

2019-04-15 21:39:10 客户端连接: 127.0.0.1:53425
2019-04-15 21:39:10 configer.ClientMap1: {{0 0} {{map[] true}} map[test:0xc0000b0150] 0}
2019-04-15 21:46:22 启动主服务器[端口: 8888]

2019-04-15 21:46:22 主服务器开始监听

2019-04-15 21:47:00 客户端连接: 127.0.0.1:53897
2019-04-15 21:47:00 configer.ClientMap1: {{0 0} {{map[] true}} map[test:0xc0000b0168] 0}
2019-04-15 21:51:05 启动主服务器[端口: 8888]

2019-04-15 21:51:05 主服务器开始监听

2019-04-15 21:51:31 客户端连接: 127.0.0.1:54220
2019-04-15 21:51:31 configer.ClientMap1: {{0 0} {{map[] true}} map[test:0xc000130148] 0}
2019-04-16 20:38:09 启动主服务器[端口: 8888]

2019-04-16 20:38:09 主服务器开始监听

2019-04-17 09:35:11 启动主服务器[端口: 8888]

2019-04-17 09:35:11 主服务器开始监听

2019-04-17 09:59:09 启动主服务器[端口: 8888]

2019-04-17 09:59:09 主服务器开始监听

2019-04-17 09:59:41 客户端连接: 127.0.0.1:59948
2019-04-17 09:59:41 configer.ClientMap1: {{{0 0} {{map[] true}} map[test:0xc000010048] 0}}
2019-04-17 10:01:36 启动主服务器[端口: 8888]

2019-04-17 10:01:36 主服务器开始监听

2019-04-17 10:01:51 客户端连接: 127.0.0.1:60005
2019-04-17 10:01:51 configer.ClientMap1: {{{0 0} {{map[] true}} map[test:0xc0000b4020] 0}}
2019-04-17 10:04:11 启动主服务器[端口: 8888]

2019-04-17 10:04:11 主服务器开始监听

2019-04-17 10:04:25 客户端连接: 127.0.0.1:60066
2019-04-17 10:04:25 configer.ClientMap1: {{{0 0} {{map[] true}} map[test:0xc0000b6028] 0}}
2019-04-17 10:11:08 启动主服务器[端口: 8888]

2019-04-17 10:11:08 主服务器开始监听

2019-04-17 10:13:16 启动主服务器[端口: 8888]

2019-04-17 10:13:16 主服务器开始监听

2019-04-17 10:15:57 客户端连接: 127.0.0.1:60387
2019-04-17 10:15:57 configer.ClientMap1: {{{0 0} {{map[] true}} map[test:0xc00012a018] 0}}
2019-04-17 10:22:16 启动主服务器[端口: 8888]

2019-04-17 10:22:16 主服务器开始监听

2019-04-17 10:22:39 客户端连接: 127.0.0.1:60564
2019-04-17 10:22:39 configer.ClientMap1: {{{0 0} {{map[] true}} map[test:0xc000116018] 0}}
2019-04-17 10:26:00 启动主服务器[端口: 8888]

2019-04-17 10:26:00 主服务器开始监听

2019-04-17 10:26:31 客户端连接: 127.0.0.1:60669
2019-04-17 10:26:31 configer.ClientMap1: {{{0 0} {{map[] true}} map[test:0xc0000a0168] 0}}
2019-04-17 10:26:49 客户端断开: 127.0.0.1:60669
2019-04-17 10:27:05 客户端连接: 127.0.0.1:60681
2019-04-17 10:27:05 configer.ClientMap1: {{{0 0} {{map[test:0xc0000a0168] false}} map[] 0}}
2019-04-17 10:28:34 启动主服务器[端口: 8888]

2019-04-17 10:28:34 net.Listen: listen tcp 127.0.0.1:8888: bind: address already in use
2019-04-17 10:28:39 客户端断开: 127.0.0.1:60681
2019-04-17 10:28:51 客户端连接: 127.0.0.1:60737
2019-04-17 10:28:51 configer.ClientMap1: {{{0 0} {{map[test:0xc0000a0168] false}} map[] 0}}
2019-04-17 10:29:56 启动主服务器[端口: 8888]

2019-04-17 10:29:56 net.Listen: listen tcp 127.0.0.1:8888: bind: address already in use
2019-04-17 10:29:59 客户端断开: 127.0.0.1:60737
2019-04-17 10:30:11 客户端连接: 127.0.0.1:60774
2019-04-17 10:30:11 configer.ClientMap1: {{{0 0} {{map[test:0xc0000a0168] false}} map[] 0}}
2019-04-17 10:30:45 启动主服务器[端口: 8888]

2019-04-17 10:30:45 net.Listen: listen tcp 127.0.0.1:8888: bind: address already in use
2019-04-17 10:30:48 客户端断开: 127.0.0.1:60774
2019-04-17 10:30:56 客户端连接: 127.0.0.1:60799
2019-04-17 10:30:56 configer.ClientMap1: {{{0 0} {{map[test:0xc0000a0168] false}} map[] 0}}
2019-04-17 10:31:39 客户端断开: 127.0.0.1:60799
2019-04-17 10:31:50 启动主服务器[端口: 8888]

2019-04-17 10:31:50 net.Listen: listen tcp 127.0.0.1:8888: bind: address already in use
2019-04-17 10:33:20 客户端连接: 127.0.0.1:60875
2019-04-17 10:33:20 configer.ClientMap1: {{{0 0} {{map[test:0xc0000a0168] false}} map[] 0}}
2019-04-17 10:34:12 启动主服务器[端口: 8888]

2019-04-17 10:34:12 net.Listen: listen tcp 127.0.0.1:8888: bind: address already in use
2019-04-17 10:36:21 启动主服务器[端口: 8888]

2019-04-17 10:36:21 主服务器开始监听

2019-04-17 10:36:32 客户端连接: 127.0.0.1:61014
2019-04-17 10:36:32 configer.ClientMap1: {{{0 0} {{map[] true}} map[test:0xc00011e140] 0}}
2019-04-17 10:40:25 启动主服务器[端口: 8888]

2019-04-17 10:40:25 主服务器开始监听

2019-04-17 10:40:44 客户端连接: 127.0.0.1:61230
2019-04-17 10:40:44 configer.ClientMap1: {{{0 0} {{map[] true}} map[test:0xc000114148] 0}}
2019-04-17 10:43:46 启动主服务器[端口: 8888]

2019-04-17 10:43:46 主服务器开始监听

2019-04-17 10:45:45 客户端连接: 127.0.0.1:61372
2019-04-17 10:45:45 configer.ClientMap1: {{{0 0} {{map[] true}} map[test:0xc00011a018] 0}}
2019-04-17 10:47:49 启动主服务器[端口: 8888]

2019-04-17 10:47:49 主服务器开始监听

2019-04-17 10:48:02 客户端连接: 127.0.0.1:61438
2019-04-17 10:48:02 configer.ClientMap1: {{{0 0} {{map[] true}} map[test:0xc000108148] 0}}
2019-04-17 10:48:39 启动主服务器[端口: 8888]

2019-04-17 10:48:39 主服务器开始监听

2019-04-17 10:48:54 客户端连接: 127.0.0.1:61467
2019-04-17 10:48:54 configer.ClientMap1: {{{0 0} {{map[] true}} map[test:0xc000010030] 0}}
2019-04-17 10:49:20 启动主服务器[端口: 8888]

2019-04-17 10:49:20 主服务器开始监听

2019-04-17 10:49:51 客户端连接: 127.0.0.1:61509
2019-04-17 10:49:51 configer.ClientMap1: {{{0 0} {{map[] true}} map[test:0xc000100020] 0}}
2019-04-17 10:50:37 启动主服务器[端口: 8888]

2019-04-17 10:50:37 主服务器开始监听

2019-04-17 10:50:52 客户端连接: 127.0.0.1:61545
2019-04-17 10:50:52 configer.ClientMap1: {{{0 0} {{map[] true}} map[test:0xc00012e010] 0}}
2019-04-17 10:51:25 启动主服务器[端口: 8888]

2019-04-17 10:51:25 主服务器开始监听

2019-04-17 10:51:37 客户端连接: 127.0.0.1:61570
2019-04-17 10:51:37 configer.ClientMap1: {{{0 0} {{map[] true}} map[test:0xc000140148] 0}}
2019-04-17 10:53:32 启动主服务器[端口: 8888]

2019-04-17 10:53:32 主服务器开始监听

2019-04-17 10:53:48 客户端连接: 127.0.0.1:61685
2019-04-17 10:53:48 configer.ClientMap1: {{{0 0} {{map[] true}} map[test:0xc000154010] 0}}
2019-04-17 10:57:43 启动主服务器[端口: 8888]

2019-04-17 10:57:43 主服务器开始监听

2019-04-17 10:57:55 客户端连接: 127.0.0.1:61786
2019-04-17 10:57:55 configer.ClientMap1: {{{0 0} {{map[] true}} map[test:0xc00011c148] 0}}
2019-04-17 11:01:00 启动主服务器[端口: 8888]

2019-04-17 11:01:00 主服务器开始监听

2019-04-17 11:01:12 客户端连接: 127.0.0.1:61883
2019-04-17 11:01:12 configer.ClientMap1: {{{0 0} {{map[] true}} map[test:0xc0000a0030] 0}}
2019-04-17 11:09:59 启动主服务器[端口: 8888]

2019-04-17 11:09:59 主服务器开始监听

2019-04-17 11:10:10 客户端连接: 127.0.0.1:62139
2019-04-17 11:10:10 configer.ClientMap1: {{{0 0} {{map[] true}} map[test:0xc000126148] 0}}
2019-04-17 11:12:34 启动主服务器[端口: 8888]

2019-04-17 11:12:34 主服务器开始监听

2019-04-17 11:12:51 客户端连接: 127.0.0.1:62257
2019-04-17 11:12:51 configer.ClientMap1: {{{0 0} {{map[] true}} map[test:0xc0000be150] 0}}
2019-04-17 11:13:51 启动主服务器[端口: 8888]

2019-04-17 11:13:51 主服务器开始监听

2019-04-17 11:14:04 客户端连接: 127.0.0.1:62306
2019-04-17 11:14:04 configer.ClientMap1: {{{0 0} {{map[] true}} map[test:0xc0000bc028] 0}}
2019-04-17 11:17:01 启动主服务器[端口: 8888]

2019-04-17 11:17:01 主服务器开始监听

2019-04-17 11:17:15 客户端连接: 127.0.0.1:62388
2019-04-17 11:17:15 configer.ClientMap1: {{{0 0} {{map[] true}} map[test:0xc0000bc148] 0}}
2019-04-17 11:18:57 启动主服务器[端口: 8888]

2019-04-17 11:18:57 主服务器开始监听

2019-04-17 11:19:13 客户端连接: 127.0.0.1:62597
2019-04-17 11:19:13 configer.ClientMap1: {{{0 0} {{map[] true}} map[test:0xc0000be040] 0}}
2019-04-17 11:25:12 启动主服务器[端口: 8888]

2019-04-17 11:25:12 主服务器开始监听

2019-04-17 11:25:25 客户端连接: 127.0.0.1:62754
2019-04-17 11:25:25 configer.ClientMap1: {{{0 0} {{map[] true}} map[test:0xc0000c2170] 0}}
2019-04-17 11:26:37 启动主服务器[端口: 8888]

2019-04-17 11:26:37 主服务器开始监听

2019-04-17 11:27:10 客户端连接: 127.0.0.1:62813
2019-04-17 11:27:10 configer.ClientMap1: {{{0 0} {{map[] true}} map[test:0xc0000b8160] 0}}
2019-04-17 11:28:10 启动主服务器[端口: 8888]

2019-04-17 11:28:10 主服务器开始监听

2019-04-17 11:28:24 客户端连接: 127.0.0.1:62852
2019-04-17 11:28:24 configer.ClientMap1: {{{0 0} {{map[] true}} map[test:0xc00012e010] 0}}
2019-04-17 11:31:25 启动主服务器[端口: 8888]

2019-04-17 11:31:25 主服务器开始监听

2019-04-17 11:34:14 启动主服务器[端口: 8888]

2019-04-17 11:34:14 主服务器开始监听

2019-04-17 11:34:32 客户端连接: 127.0.0.1:63021
2019-04-17 11:34:32 configer.ClientMap1: {{{0 0} {{map[] true}} map[test:0xc00012a010] 0}}
2019-04-17 11:34:51 启动主服务器[端口: 8888]

2019-04-17 11:34:51 主服务器开始监听

2019-04-17 11:35:10 客户端连接: 127.0.0.1:63045
2019-04-17 11:35:10 configer.ClientMap1: {{{0 0} {{map[] true}} map[test:0xc00011a148] 0}}
2019-04-17 11:39:44 启动主服务器[端口: 8888]

2019-04-17 11:39:44 主服务器开始监听

2019-04-17 11:39:58 客户端连接: 127.0.0.1:63232
2019-04-17 11:39:58 configer.ClientMap1: {{{0 0} {{map[] true}} map[test:0xc000146010] 0}}
2019-04-17 12:06:21 启动主服务器[端口: 8888]

2019-04-17 12:06:21 主服务器开始监听

2019-04-17 12:06:33 客户端连接: 127.0.0.1:64347
2019-04-17 12:06:33 configer.ClientMap1: {{{0 0} {{map[] true}} map[test:0xc0000b0018] 0}}
2019-04-17 12:09:21 启动主服务器[端口: 8888]

2019-04-17 12:09:21 主服务器开始监听

2019-04-17 12:09:29 客户端连接: 127.0.0.1:64433
2019-04-17 12:09:29 configer.ClientMap1: {{{0 0} {{map[] true}} map[test:0xc0000c4048] 0}}
2019-04-17 12:10:58 启动主服务器[端口: 8888]

2019-04-17 12:10:58 主服务器开始监听

2019-04-17 12:12:42 启动主服务器[端口: 8888]

2019-04-17 12:12:42 主服务器开始监听

2019-04-17 12:12:56 客户端连接: 127.0.0.1:64541
2019-04-17 12:12:56 configer.ClientMap1: {{{0 0} {{map[] true}} map[test:0xc0000ae150] 0}}
2019-04-17 12:18:26 启动主服务器[端口: 8888]

2019-04-17 12:18:26 主服务器开始监听

2019-04-17 12:18:39 客户端连接: 127.0.0.1:64758
2019-04-17 12:18:39 configer.ClientMap1: {{{0 0} {{map[] true}} map[test:0xc000010168] 0}}
2019-04-17 12:31:25 启动主服务器[端口: 8888]

2019-04-17 12:31:25 主服务器开始监听

2019-04-17 12:31:46 客户端连接: 127.0.0.1:65219
2019-04-17 12:31:46 configer.ClientMap1: {{{0 0} {{map[] true}} map[test:0xc0000a0018] 0}}
2019-04-17 12:37:30 启动主服务器[端口: 8888]

2019-04-17 12:37:30 主服务器开始监听

2019-04-17 12:37:48 客户端连接: 127.0.0.1:65408
2019-04-17 12:37:48 configer.ClientMap1: {{{0 0} {{map[] true}} map[test:0xc000098040] 0}}
2019-04-17 12:38:51 客户端断开: 127.0.0.1:65408
2019-04-17 12:38:59 客户端连接: 127.0.0.1:65445
2019-04-17 12:38:59 configer.ClientMap1: {{{0 0} {{map[test:0xc000098040] false}} map[] 0}}
2019-04-17 12:43:45 客户端断开: 127.0.0.1:65445
2019-04-17 12:50:36 启动主服务器[端口: 8888]

2019-04-17 12:50:36 主服务器开始监听

2019-04-17 12:50:51 客户端连接: 127.0.0.1:49409
2019-04-17 12:50:51 configer.ClientMap1: {{{0 0} {{map[] true}} map[test:0xc0000c0018] 0}}
2019-04-17 13:19:04 启动主服务器[端口: 8888]

2019-04-17 13:19:04 主服务器开始监听

2019-04-17 13:19:29 客户端连接: 127.0.0.1:49812
2019-04-17 13:19:29 configer.ClientMap1: {{{0 0} {{map[] true}} map[test:0xc0000be178] 0}}
2019-04-17 13:24:45 启动主服务器[端口: 8888]

2019-04-17 13:24:45 主服务器开始监听

2019-04-17 13:26:36 启动主服务器[端口: 8888]

2019-04-17 13:26:36 主服务器开始监听

2019-04-17 13:26:49 客户端连接: 127.0.0.1:50010
2019-04-17 13:33:38 客户端断开: 127.0.0.1:50010
2019-04-17 14:04:02 启动主服务器[端口: 8888]

2019-04-17 14:04:02 主服务器开始监听

2019-04-17 14:04:17 客户端连接: 127.0.0.1:50319
2019-04-17 20:58:53 启动主服务器[端口: 8888]

2019-04-17 20:58:53 主服务器开始监听

2019-04-17 20:59:02 客户端连接: 127.0.0.1:55791
2019-04-17 21:04:01 客户端断开: 127.0.0.1:55791
2019-04-17 21:04:16 客户端连接: 127.0.0.1:56002
2019-04-18 10:49:09 启动主服务器[端口: 8888]

2019-04-18 10:49:09 主服务器开始监听

2019-04-18 10:49:34 客户端连接: 127.0.0.1:64633
2019-04-18 13:58:13 启动主服务器[端口: 8888]

2019-04-18 13:58:13 主服务器开始监听

2019-04-18 13:58:36 客户端连接: 127.0.0.1:56992
2019-04-18 14:04:36 启动主服务器[端口: 8888]

2019-04-18 14:04:36 主服务器开始监听

2019-04-18 14:04:47 客户端连接: 127.0.0.1:57343
2019-04-18 14:20:40 启动主服务器[端口: 8888]

2019-04-18 14:20:40 主服务器开始监听

2019-04-18 14:21:06 客户端连接: 127.0.0.1:58055
2019-04-18 14:29:20 启动主服务器[端口: 8888]

2019-04-18 14:29:20 主服务器开始监听

2019-04-18 14:29:34 客户端连接: 127.0.0.1:58256
2019-04-18 14:30:50 客户端断开: 127.0.0.1:58256
2019-04-18 14:30:50 客户端连接: 127.0.0.1:58280
2019-04-18 14:31:55 启动主服务器[端口: 8888]

2019-04-18 14:31:55 主服务器开始监听

2019-04-18 14:32:13 客户端连接: 127.0.0.1:58320
2019-04-18 14:35:01 启动主服务器[端口: 8888]

2019-04-18 14:35:01 主服务器开始监听

2019-04-18 14:35:15 客户端连接: 127.0.0.1:58475
2019-04-18 14:47:25 启动主服务器[端口: 8888]

2019-04-18 14:47:25 主服务器开始监听

2019-04-18 14:47:44 客户端连接: 127.0.0.1:58867
2019-04-18 14:52:34 启动主服务器[端口: 8888]

2019-04-18 14:52:34 主服务器开始监听

2019-04-18 14:52:46 客户端连接: 127.0.0.1:59111
2019-04-18 14:55:20 启动主服务器[端口: 8888]

2019-04-18 14:55:20 主服务器开始监听

2019-04-18 14:55:36 客户端连接: 127.0.0.1:59241
2019-04-18 15:25:11 启动主服务器[端口: 8888]

2019-04-18 15:25:11 主服务器开始监听

2019-04-18 15:25:29 客户端连接: 127.0.0.1:60676
2019-04-18 15:27:17 启动主服务器[端口: 8888]

2019-04-18 15:27:17 主服务器开始监听

2019-04-18 15:27:34 客户端连接: 127.0.0.1:60733
2019-04-18 15:32:17 启动主服务器[端口: 8888]

2019-04-18 15:32:17 主服务器开始监听

2019-04-18 15:32:34 客户端连接: 127.0.0.1:60894
2019-04-18 15:34:33 启动主服务器[端口: 8888]

2019-04-18 15:34:33 主服务器开始监听

2019-04-18 15:34:46 客户端连接: 127.0.0.1:60953
2019-04-18 20:26:23 启动主服务器[端口: 8888]

2019-04-18 20:26:23 主服务器开始监听

2019-04-18 20:26:41 客户端连接: 127.0.0.1:51056
2019-04-18 20:45:50 客户端断开: 127.0.0.1:51056
2019-04-18 20:45:57 启动主服务器[端口: 8888]

2019-04-18 20:45:57 主服务器开始监听

2019-04-18 20:46:10 客户端连接: 127.0.0.1:51492
2019-04-18 20:58:47 启动主服务器[端口: 8888]

2019-04-18 20:58:47 主服务器开始监听

2019-04-18 20:59:01 客户端连接: 127.0.0.1:51831
2019-04-18 21:00:24 启动主服务器[端口: 8888]

2019-04-18 21:00:24 主服务器开始监听

2019-04-18 21:00:35 客户端连接: 127.0.0.1:51911
2019-04-18 21:11:21 启动主服务器[端口: 8888]

2019-04-18 21:11:21 主服务器开始监听

2019-04-18 21:11:29 客户端连接: 127.0.0.1:52250
2019-04-18 21:22:44 启动主服务器[端口: 8888]

2019-04-18 21:22:44 主服务器开始监听

2019-04-18 21:22:56 客户端连接: 127.0.0.1:52646
2019-04-18 21:42:17 启动主服务器[端口: 8888]

2019-04-18 21:42:17 主服务器开始监听

2019-04-18 21:42:28 客户端连接: 127.0.0.1:53134
2019-04-18 21:45:18 启动主服务器[端口: 8888]

2019-04-18 21:45:18 主服务器开始监听

2019-04-18 21:45:29 客户端连接: 127.0.0.1:53207
2019-04-18 21:54:06 启动主服务器[端口: 8888]

2019-04-18 21:54:06 主服务器开始监听

2019-04-18 21:54:29 客户端连接: 127.0.0.1:53415
2019-04-18 21:58:15 启动主服务器[端口: 8888]

2019-04-18 21:58:15 主服务器开始监听

2019-04-18 21:58:26 客户端连接: 127.0.0.1:53522
2019-04-18 21:59:46 启动主服务器[端口: 8888]

2019-04-18 21:59:46 主服务器开始监听

2019-04-18 21:59:57 客户端连接: 127.0.0.1:53565
2019-04-18 22:02:37 启动主服务器[端口: 8888]

2019-04-18 22:02:37 主服务器开始监听

2019-04-18 22:16:17 客户端连接: 127.0.0.1:53748
2019-04-18 22:31:48 启动主服务器[端口: 8888]

2019-04-18 22:31:48 主服务器开始监听

2019-04-18 22:32:02 客户端连接: 127.0.0.1:54616
2019-04-18 22:34:57 启动主服务器[端口: 8888]

2019-04-18 22:34:57 主服务器开始监听

2019-04-18 22:35:27 客户端连接: 127.0.0.1:54744
