2019-04-14 08:50:27 ===========命令菜单======
2019-04-14 08:50:27 users--显示所有的注册用户
2019-04-14 08:50:27 onlines--显示所有的在线用户
2019-04-14 08:50:27 states--显示所有服务器的状态
2019-04-14 08:50:27 ports--显示所有服务器的端口
2019-04-14 08:50:27 restart all--重启所有服务器
2019-04-14 08:50:27 restart login--重启登陆服务器
2019-04-14 08:50:27 restart file--重启文件服务器
2019-04-14 08:50:27 restart chat--重启聊天服务器
2019-04-14 08:50:27 logmode X--修改日志模式[0-5]
2019-04-14 08:50:27 输入命令: 
2019-04-15 20:36:05 ===========命令菜单======
2019-04-15 20:36:05 users--显示所有的注册用户
2019-04-15 20:36:05 onlines--显示所有的在线用户
2019-04-15 20:36:05 states--显示所有服务器的状态
2019-04-15 20:36:05 ports--显示所有服务器的端口
2019-04-15 20:36:05 restart all--重启所有服务器
2019-04-15 20:36:05 restart login--重启登陆服务器
2019-04-15 20:36:05 restart file--重启文件服务器
2019-04-15 20:36:05 restart chat--重启聊天服务器
2019-04-15 20:36:05 logmode X--修改日志模式[0-5]
2019-04-15 20:36:05 输入命令: 
2019-04-15 20:56:11 ===========命令菜单======
2019-04-15 20:56:11 users--显示所有的注册用户
2019-04-15 20:56:11 onlines--显示所有的在线用户
2019-04-15 20:56:11 states--显示所有服务器的状态
2019-04-15 20:56:11 ports--显示所有服务器的端口
2019-04-15 20:56:11 restart all--重启所有服务器
2019-04-15 20:56:11 restart login--重启登陆服务器
2019-04-15 20:56:11 restart file--重启文件服务器
2019-04-15 20:56:11 restart chat--重启聊天服务器
2019-04-15 20:56:11 logmode X--修改日志模式[0-5]
2019-04-15 20:56:11 输入命令: 
2019-04-15 21:20:23 ===========命令菜单======
2019-04-15 21:20:23 users--显示所有的注册用户
2019-04-15 21:20:23 onlines--显示所有的在线用户
2019-04-15 21:20:23 states--显示所有服务器的状态
2019-04-15 21:20:23 ports--显示所有服务器的端口
2019-04-15 21:20:23 restart all--重启所有服务器
2019-04-15 21:20:23 restart login--重启登陆服务器
2019-04-15 21:20:23 restart file--重启文件服务器
2019-04-15 21:20:23 restart chat--重启聊天服务器
2019-04-15 21:20:23 logmode X--修改日志模式[0-5]
2019-04-15 21:20:23 输入命令: 
2019-04-15 21:25:06 ===========命令菜单======
2019-04-15 21:25:06 users--显示所有的注册用户
2019-04-15 21:25:06 onlines--显示所有的在线用户
2019-04-15 21:25:06 states--显示所有服务器的状态
2019-04-15 21:25:06 ports--显示所有服务器的端口
2019-04-15 21:25:06 restart all--重启所有服务器
2019-04-15 21:25:06 restart login--重启登陆服务器
2019-04-15 21:25:06 restart file--重启文件服务器
2019-04-15 21:25:06 restart chat--重启聊天服务器
2019-04-15 21:25:06 logmode X--修改日志模式[0-5]
2019-04-15 21:25:06 输入命令: 
2019-04-15 21:26:42 ===========命令菜单======
2019-04-15 21:26:42 users--显示所有的注册用户
2019-04-15 21:26:42 onlines--显示所有的在线用户
2019-04-15 21:26:42 states--显示所有服务器的状态
2019-04-15 21:26:42 ports--显示所有服务器的端口
2019-04-15 21:26:42 restart all--重启所有服务器
2019-04-15 21:26:42 restart login--重启登陆服务器
2019-04-15 21:26:42 restart file--重启文件服务器
2019-04-15 21:26:42 restart chat--重启聊天服务器
2019-04-15 21:26:42 logmode X--修改日志模式[0-5]
2019-04-15 21:26:42 输入命令: 
2019-04-15 21:27:30 ===========命令菜单======
2019-04-15 21:27:30 users--显示所有的注册用户
2019-04-15 21:27:30 onlines--显示所有的在线用户
2019-04-15 21:27:30 states--显示所有服务器的状态
2019-04-15 21:27:30 ports--显示所有服务器的端口
2019-04-15 21:27:30 restart all--重启所有服务器
2019-04-15 21:27:30 restart login--重启登陆服务器
2019-04-15 21:27:30 restart file--重启文件服务器
2019-04-15 21:27:30 restart chat--重启聊天服务器
2019-04-15 21:27:30 logmode X--修改日志模式[0-5]
2019-04-15 21:27:30 输入命令: 
2019-04-15 21:38:57 ===========命令菜单======
2019-04-15 21:38:57 users--显示所有的注册用户
2019-04-15 21:38:57 onlines--显示所有的在线用户
2019-04-15 21:38:57 states--显示所有服务器的状态
2019-04-15 21:38:57 ports--显示所有服务器的端口
2019-04-15 21:38:57 restart all--重启所有服务器
2019-04-15 21:38:57 restart login--重启登陆服务器
2019-04-15 21:38:57 restart file--重启文件服务器
2019-04-15 21:38:57 restart chat--重启聊天服务器
2019-04-15 21:38:57 logmode X--修改日志模式[0-5]
2019-04-15 21:38:57 输入命令: 
2019-04-15 21:46:22 ===========命令菜单======
2019-04-15 21:46:22 users--显示所有的注册用户
2019-04-15 21:46:22 onlines--显示所有的在线用户
2019-04-15 21:46:22 states--显示所有服务器的状态
2019-04-15 21:46:22 ports--显示所有服务器的端口
2019-04-15 21:46:22 restart all--重启所有服务器
2019-04-15 21:46:22 restart login--重启登陆服务器
2019-04-15 21:46:22 restart file--重启文件服务器
2019-04-15 21:46:22 restart chat--重启聊天服务器
2019-04-15 21:46:22 logmode X--修改日志模式[0-5]
2019-04-15 21:46:22 输入命令: 
2019-04-15 21:51:05 ===========命令菜单======
2019-04-15 21:51:05 users--显示所有的注册用户
2019-04-15 21:51:05 onlines--显示所有的在线用户
2019-04-15 21:51:05 states--显示所有服务器的状态
2019-04-15 21:51:05 ports--显示所有服务器的端口
2019-04-15 21:51:05 restart all--重启所有服务器
2019-04-15 21:51:05 restart login--重启登陆服务器
2019-04-15 21:51:05 restart file--重启文件服务器
2019-04-15 21:51:05 restart chat--重启聊天服务器
2019-04-15 21:51:05 logmode X--修改日志模式[0-5]
2019-04-15 21:51:05 输入命令: 
2019-04-16 20:38:09 ===========命令菜单======
2019-04-16 20:38:09 users--显示所有的注册用户
2019-04-16 20:38:09 onlines--显示所有的在线用户
2019-04-16 20:38:09 states--显示所有服务器的状态
2019-04-16 20:38:09 ports--显示所有服务器的端口
2019-04-16 20:38:09 restart all--重启所有服务器
2019-04-16 20:38:09 restart login--重启登陆服务器
2019-04-16 20:38:09 restart file--重启文件服务器
2019-04-16 20:38:09 restart chat--重启聊天服务器
2019-04-16 20:38:09 logmode X--修改日志模式[0-5]
2019-04-16 20:38:09 输入命令: 
2019-04-17 09:35:11 ===========命令菜单======
2019-04-17 09:35:11 users--显示所有的注册用户
2019-04-17 09:35:11 onlines--显示所有的在线用户
2019-04-17 09:35:11 states--显示所有服务器的状态
2019-04-17 09:35:11 ports--显示所有服务器的端口
2019-04-17 09:35:11 restart all--重启所有服务器
2019-04-17 09:35:11 restart login--重启登陆服务器
2019-04-17 09:35:11 restart file--重启文件服务器
2019-04-17 09:35:11 restart chat--重启聊天服务器
2019-04-17 09:35:11 logmode X--修改日志模式[0-5]
2019-04-17 09:35:11 输入命令: 
2019-04-17 09:59:09 ===========命令菜单======
2019-04-17 09:59:09 users--显示所有的注册用户
2019-04-17 09:59:09 onlines--显示所有的在线用户
2019-04-17 09:59:09 states--显示所有服务器的状态
2019-04-17 09:59:09 ports--显示所有服务器的端口
2019-04-17 09:59:09 restart all--重启所有服务器
2019-04-17 09:59:09 restart login--重启登陆服务器
2019-04-17 09:59:09 restart file--重启文件服务器
2019-04-17 09:59:09 restart chat--重启聊天服务器
2019-04-17 09:59:09 logmode X--修改日志模式[0-5]
2019-04-17 09:59:09 输入命令: 
2019-04-17 10:01:36 ===========命令菜单======
2019-04-17 10:01:36 users--显示所有的注册用户
2019-04-17 10:01:36 onlines--显示所有的在线用户
2019-04-17 10:01:36 states--显示所有服务器的状态
2019-04-17 10:01:36 ports--显示所有服务器的端口
2019-04-17 10:01:36 restart all--重启所有服务器
2019-04-17 10:01:36 restart login--重启登陆服务器
2019-04-17 10:01:36 restart file--重启文件服务器
2019-04-17 10:01:36 restart chat--重启聊天服务器
2019-04-17 10:01:36 logmode X--修改日志模式[0-5]
2019-04-17 10:01:36 输入命令: 
2019-04-17 10:04:11 ===========命令菜单======
2019-04-17 10:04:11 users--显示所有的注册用户
2019-04-17 10:04:11 onlines--显示所有的在线用户
2019-04-17 10:04:11 states--显示所有服务器的状态
2019-04-17 10:04:11 ports--显示所有服务器的端口
2019-04-17 10:04:11 restart all--重启所有服务器
2019-04-17 10:04:11 restart login--重启登陆服务器
2019-04-17 10:04:11 restart file--重启文件服务器
2019-04-17 10:04:11 restart chat--重启聊天服务器
2019-04-17 10:04:11 logmode X--修改日志模式[0-5]
2019-04-17 10:04:11 输入命令: 
2019-04-17 10:11:08 ===========命令菜单======
2019-04-17 10:11:08 users--显示所有的注册用户
2019-04-17 10:11:08 onlines--显示所有的在线用户
2019-04-17 10:11:08 states--显示所有服务器的状态
2019-04-17 10:11:08 ports--显示所有服务器的端口
2019-04-17 10:11:08 restart all--重启所有服务器
2019-04-17 10:11:08 restart login--重启登陆服务器
2019-04-17 10:11:08 restart file--重启文件服务器
2019-04-17 10:11:08 restart chat--重启聊天服务器
2019-04-17 10:11:08 logmode X--修改日志模式[0-5]
2019-04-17 10:11:08 输入命令: 
2019-04-17 10:13:16 ===========命令菜单======
2019-04-17 10:13:16 users--显示所有的注册用户
2019-04-17 10:13:16 onlines--显示所有的在线用户
2019-04-17 10:13:16 states--显示所有服务器的状态
2019-04-17 10:13:16 ports--显示所有服务器的端口
2019-04-17 10:13:16 restart all--重启所有服务器
2019-04-17 10:13:16 restart login--重启登陆服务器
2019-04-17 10:13:16 restart file--重启文件服务器
2019-04-17 10:13:16 restart chat--重启聊天服务器
2019-04-17 10:13:16 logmode X--修改日志模式[0-5]
2019-04-17 10:13:16 输入命令: 
2019-04-17 10:22:16 ===========命令菜单======
2019-04-17 10:22:16 users--显示所有的注册用户
2019-04-17 10:22:16 onlines--显示所有的在线用户
2019-04-17 10:22:16 states--显示所有服务器的状态
2019-04-17 10:22:16 ports--显示所有服务器的端口
2019-04-17 10:22:16 restart all--重启所有服务器
2019-04-17 10:22:16 restart login--重启登陆服务器
2019-04-17 10:22:16 restart file--重启文件服务器
2019-04-17 10:22:16 restart chat--重启聊天服务器
2019-04-17 10:22:16 logmode X--修改日志模式[0-5]
2019-04-17 10:22:16 输入命令: 
2019-04-17 10:26:00 ===========命令菜单======
2019-04-17 10:26:00 users--显示所有的注册用户
2019-04-17 10:26:00 onlines--显示所有的在线用户
2019-04-17 10:26:00 states--显示所有服务器的状态
2019-04-17 10:26:00 ports--显示所有服务器的端口
2019-04-17 10:26:00 restart all--重启所有服务器
2019-04-17 10:26:00 restart login--重启登陆服务器
2019-04-17 10:26:00 restart file--重启文件服务器
2019-04-17 10:26:00 restart chat--重启聊天服务器
2019-04-17 10:26:00 logmode X--修改日志模式[0-5]
2019-04-17 10:26:00 输入命令: 
2019-04-17 10:28:34 ===========命令菜单======
2019-04-17 10:28:34 users--显示所有的注册用户
2019-04-17 10:28:34 onlines--显示所有的在线用户
2019-04-17 10:28:34 states--显示所有服务器的状态
2019-04-17 10:28:34 ports--显示所有服务器的端口
2019-04-17 10:28:34 restart all--重启所有服务器
2019-04-17 10:28:34 restart login--重启登陆服务器
2019-04-17 10:28:34 restart file--重启文件服务器
2019-04-17 10:28:34 restart chat--重启聊天服务器
2019-04-17 10:28:34 logmode X--修改日志模式[0-5]
2019-04-17 10:28:34 输入命令: 
2019-04-17 10:29:56 ===========命令菜单======
2019-04-17 10:29:56 users--显示所有的注册用户
2019-04-17 10:29:56 onlines--显示所有的在线用户
2019-04-17 10:29:56 states--显示所有服务器的状态
2019-04-17 10:29:56 ports--显示所有服务器的端口
2019-04-17 10:29:56 restart all--重启所有服务器
2019-04-17 10:29:56 restart login--重启登陆服务器
2019-04-17 10:29:56 restart file--重启文件服务器
2019-04-17 10:29:56 restart chat--重启聊天服务器
2019-04-17 10:29:56 logmode X--修改日志模式[0-5]
2019-04-17 10:29:56 输入命令: 
2019-04-17 10:30:45 ===========命令菜单======
2019-04-17 10:30:45 users--显示所有的注册用户
2019-04-17 10:30:45 onlines--显示所有的在线用户
2019-04-17 10:30:45 states--显示所有服务器的状态
2019-04-17 10:30:45 ports--显示所有服务器的端口
2019-04-17 10:30:45 restart all--重启所有服务器
2019-04-17 10:30:45 restart login--重启登陆服务器
2019-04-17 10:30:45 restart file--重启文件服务器
2019-04-17 10:30:45 restart chat--重启聊天服务器
2019-04-17 10:30:45 logmode X--修改日志模式[0-5]
2019-04-17 10:30:45 输入命令: 
2019-04-17 10:31:50 ===========命令菜单======
2019-04-17 10:31:50 users--显示所有的注册用户
2019-04-17 10:31:50 onlines--显示所有的在线用户
2019-04-17 10:31:50 states--显示所有服务器的状态
2019-04-17 10:31:50 ports--显示所有服务器的端口
2019-04-17 10:31:50 restart all--重启所有服务器
2019-04-17 10:31:50 restart login--重启登陆服务器
2019-04-17 10:31:50 restart file--重启文件服务器
2019-04-17 10:31:50 restart chat--重启聊天服务器
2019-04-17 10:31:50 logmode X--修改日志模式[0-5]
2019-04-17 10:31:50 输入命令: 
2019-04-17 10:34:12 ===========命令菜单======
2019-04-17 10:34:12 users--显示所有的注册用户
2019-04-17 10:34:12 onlines--显示所有的在线用户
2019-04-17 10:34:12 states--显示所有服务器的状态
2019-04-17 10:34:12 ports--显示所有服务器的端口
2019-04-17 10:34:12 restart all--重启所有服务器
2019-04-17 10:34:12 restart login--重启登陆服务器
2019-04-17 10:34:12 restart file--重启文件服务器
2019-04-17 10:34:12 restart chat--重启聊天服务器
2019-04-17 10:34:12 logmode X--修改日志模式[0-5]
2019-04-17 10:34:12 输入命令: 
2019-04-17 10:36:21 ===========命令菜单======
2019-04-17 10:36:21 users--显示所有的注册用户
2019-04-17 10:36:21 onlines--显示所有的在线用户
2019-04-17 10:36:21 states--显示所有服务器的状态
2019-04-17 10:36:21 ports--显示所有服务器的端口
2019-04-17 10:36:21 restart all--重启所有服务器
2019-04-17 10:36:21 restart login--重启登陆服务器
2019-04-17 10:36:21 restart file--重启文件服务器
2019-04-17 10:36:21 restart chat--重启聊天服务器
2019-04-17 10:36:21 logmode X--修改日志模式[0-5]
2019-04-17 10:36:21 输入命令: 
2019-04-17 10:40:25 ===========命令菜单======
2019-04-17 10:40:25 users--显示所有的注册用户
2019-04-17 10:40:25 onlines--显示所有的在线用户
2019-04-17 10:40:25 states--显示所有服务器的状态
2019-04-17 10:40:25 ports--显示所有服务器的端口
2019-04-17 10:40:25 restart all--重启所有服务器
2019-04-17 10:40:25 restart login--重启登陆服务器
2019-04-17 10:40:25 restart file--重启文件服务器
2019-04-17 10:40:25 restart chat--重启聊天服务器
2019-04-17 10:40:25 logmode X--修改日志模式[0-5]
2019-04-17 10:40:25 输入命令: 
2019-04-17 10:43:46 ===========命令菜单======
2019-04-17 10:43:46 users--显示所有的注册用户
2019-04-17 10:43:46 onlines--显示所有的在线用户
2019-04-17 10:43:46 states--显示所有服务器的状态
2019-04-17 10:43:46 ports--显示所有服务器的端口
2019-04-17 10:43:46 restart all--重启所有服务器
2019-04-17 10:43:46 restart login--重启登陆服务器
2019-04-17 10:43:46 restart file--重启文件服务器
2019-04-17 10:43:46 restart chat--重启聊天服务器
2019-04-17 10:43:46 logmode X--修改日志模式[0-5]
2019-04-17 10:43:46 输入命令: 
2019-04-17 10:47:49 ===========命令菜单======
2019-04-17 10:47:49 users--显示所有的注册用户
2019-04-17 10:47:49 onlines--显示所有的在线用户
2019-04-17 10:47:49 states--显示所有服务器的状态
2019-04-17 10:47:49 ports--显示所有服务器的端口
2019-04-17 10:47:49 restart all--重启所有服务器
2019-04-17 10:47:49 restart login--重启登陆服务器
2019-04-17 10:47:49 restart file--重启文件服务器
2019-04-17 10:47:49 restart chat--重启聊天服务器
2019-04-17 10:47:49 logmode X--修改日志模式[0-5]
2019-04-17 10:47:49 输入命令: 
2019-04-17 10:48:39 ===========命令菜单======
2019-04-17 10:48:39 users--显示所有的注册用户
2019-04-17 10:48:39 onlines--显示所有的在线用户
2019-04-17 10:48:39 states--显示所有服务器的状态
2019-04-17 10:48:39 ports--显示所有服务器的端口
2019-04-17 10:48:39 restart all--重启所有服务器
2019-04-17 10:48:39 restart login--重启登陆服务器
2019-04-17 10:48:39 restart file--重启文件服务器
2019-04-17 10:48:39 restart chat--重启聊天服务器
2019-04-17 10:48:39 logmode X--修改日志模式[0-5]
2019-04-17 10:48:39 输入命令: 
2019-04-17 10:49:20 ===========命令菜单======
2019-04-17 10:49:20 users--显示所有的注册用户
2019-04-17 10:49:20 onlines--显示所有的在线用户
2019-04-17 10:49:20 states--显示所有服务器的状态
2019-04-17 10:49:20 ports--显示所有服务器的端口
2019-04-17 10:49:20 restart all--重启所有服务器
2019-04-17 10:49:20 restart login--重启登陆服务器
2019-04-17 10:49:20 restart file--重启文件服务器
2019-04-17 10:49:20 restart chat--重启聊天服务器
2019-04-17 10:49:20 logmode X--修改日志模式[0-5]
2019-04-17 10:49:20 输入命令: 
2019-04-17 10:50:37 ===========命令菜单======
2019-04-17 10:50:37 users--显示所有的注册用户
2019-04-17 10:50:37 onlines--显示所有的在线用户
2019-04-17 10:50:37 states--显示所有服务器的状态
2019-04-17 10:50:37 ports--显示所有服务器的端口
2019-04-17 10:50:37 restart all--重启所有服务器
2019-04-17 10:50:37 restart login--重启登陆服务器
2019-04-17 10:50:37 restart file--重启文件服务器
2019-04-17 10:50:37 restart chat--重启聊天服务器
2019-04-17 10:50:37 logmode X--修改日志模式[0-5]
2019-04-17 10:50:37 输入命令: 
2019-04-17 10:51:25 ===========命令菜单======
2019-04-17 10:51:25 users--显示所有的注册用户
2019-04-17 10:51:25 onlines--显示所有的在线用户
2019-04-17 10:51:25 states--显示所有服务器的状态
2019-04-17 10:51:25 ports--显示所有服务器的端口
2019-04-17 10:51:25 restart all--重启所有服务器
2019-04-17 10:51:25 restart login--重启登陆服务器
2019-04-17 10:51:25 restart file--重启文件服务器
2019-04-17 10:51:25 restart chat--重启聊天服务器
2019-04-17 10:51:25 logmode X--修改日志模式[0-5]
2019-04-17 10:51:25 输入命令: 
2019-04-17 10:53:32 ===========命令菜单======
2019-04-17 10:53:32 users--显示所有的注册用户
2019-04-17 10:53:32 onlines--显示所有的在线用户
2019-04-17 10:53:32 states--显示所有服务器的状态
2019-04-17 10:53:32 ports--显示所有服务器的端口
2019-04-17 10:53:32 restart all--重启所有服务器
2019-04-17 10:53:32 restart login--重启登陆服务器
2019-04-17 10:53:32 restart file--重启文件服务器
2019-04-17 10:53:32 restart chat--重启聊天服务器
2019-04-17 10:53:32 logmode X--修改日志模式[0-5]
2019-04-17 10:53:32 输入命令: 
2019-04-17 10:57:43 ===========命令菜单======
2019-04-17 10:57:43 users--显示所有的注册用户
2019-04-17 10:57:43 onlines--显示所有的在线用户
2019-04-17 10:57:43 states--显示所有服务器的状态
2019-04-17 10:57:43 ports--显示所有服务器的端口
2019-04-17 10:57:43 restart all--重启所有服务器
2019-04-17 10:57:43 restart login--重启登陆服务器
2019-04-17 10:57:43 restart file--重启文件服务器
2019-04-17 10:57:43 restart chat--重启聊天服务器
2019-04-17 10:57:43 logmode X--修改日志模式[0-5]
2019-04-17 10:57:43 输入命令: 
2019-04-17 11:01:00 ===========命令菜单======
2019-04-17 11:01:00 users--显示所有的注册用户
2019-04-17 11:01:00 onlines--显示所有的在线用户
2019-04-17 11:01:00 states--显示所有服务器的状态
2019-04-17 11:01:00 ports--显示所有服务器的端口
2019-04-17 11:01:00 restart all--重启所有服务器
2019-04-17 11:01:00 restart login--重启登陆服务器
2019-04-17 11:01:00 restart file--重启文件服务器
2019-04-17 11:01:00 restart chat--重启聊天服务器
2019-04-17 11:01:00 logmode X--修改日志模式[0-5]
2019-04-17 11:01:00 输入命令: 
2019-04-17 11:09:59 ===========命令菜单======
2019-04-17 11:09:59 users--显示所有的注册用户
2019-04-17 11:09:59 onlines--显示所有的在线用户
2019-04-17 11:09:59 states--显示所有服务器的状态
2019-04-17 11:09:59 ports--显示所有服务器的端口
2019-04-17 11:09:59 restart all--重启所有服务器
2019-04-17 11:09:59 restart login--重启登陆服务器
2019-04-17 11:09:59 restart file--重启文件服务器
2019-04-17 11:09:59 restart chat--重启聊天服务器
2019-04-17 11:09:59 logmode X--修改日志模式[0-5]
2019-04-17 11:09:59 输入命令: 
2019-04-17 11:12:34 ===========命令菜单======
2019-04-17 11:12:34 users--显示所有的注册用户
2019-04-17 11:12:34 onlines--显示所有的在线用户
2019-04-17 11:12:34 states--显示所有服务器的状态
2019-04-17 11:12:34 ports--显示所有服务器的端口
2019-04-17 11:12:34 restart all--重启所有服务器
2019-04-17 11:12:34 restart login--重启登陆服务器
2019-04-17 11:12:34 restart file--重启文件服务器
2019-04-17 11:12:34 restart chat--重启聊天服务器
2019-04-17 11:12:34 logmode X--修改日志模式[0-5]
2019-04-17 11:12:34 输入命令: 
2019-04-17 11:13:51 ===========命令菜单======
2019-04-17 11:13:51 users--显示所有的注册用户
2019-04-17 11:13:51 onlines--显示所有的在线用户
2019-04-17 11:13:51 states--显示所有服务器的状态
2019-04-17 11:13:51 ports--显示所有服务器的端口
2019-04-17 11:13:51 restart all--重启所有服务器
2019-04-17 11:13:51 restart login--重启登陆服务器
2019-04-17 11:13:51 restart file--重启文件服务器
2019-04-17 11:13:51 restart chat--重启聊天服务器
2019-04-17 11:13:51 logmode X--修改日志模式[0-5]
2019-04-17 11:13:51 输入命令: 
2019-04-17 11:17:01 ===========命令菜单======
2019-04-17 11:17:01 users--显示所有的注册用户
2019-04-17 11:17:01 onlines--显示所有的在线用户
2019-04-17 11:17:01 states--显示所有服务器的状态
2019-04-17 11:17:01 ports--显示所有服务器的端口
2019-04-17 11:17:01 restart all--重启所有服务器
2019-04-17 11:17:01 restart login--重启登陆服务器
2019-04-17 11:17:01 restart file--重启文件服务器
2019-04-17 11:17:01 restart chat--重启聊天服务器
2019-04-17 11:17:01 logmode X--修改日志模式[0-5]
2019-04-17 11:17:01 输入命令: 
2019-04-17 11:18:57 ===========命令菜单======
2019-04-17 11:18:57 users--显示所有的注册用户
2019-04-17 11:18:57 onlines--显示所有的在线用户
2019-04-17 11:18:57 states--显示所有服务器的状态
2019-04-17 11:18:57 ports--显示所有服务器的端口
2019-04-17 11:18:57 restart all--重启所有服务器
2019-04-17 11:18:57 restart login--重启登陆服务器
2019-04-17 11:18:57 restart file--重启文件服务器
2019-04-17 11:18:57 restart chat--重启聊天服务器
2019-04-17 11:18:57 logmode X--修改日志模式[0-5]
2019-04-17 11:18:57 输入命令: 
2019-04-17 11:25:12 ===========命令菜单======
2019-04-17 11:25:12 users--显示所有的注册用户
2019-04-17 11:25:12 onlines--显示所有的在线用户
2019-04-17 11:25:12 states--显示所有服务器的状态
2019-04-17 11:25:12 ports--显示所有服务器的端口
2019-04-17 11:25:12 restart all--重启所有服务器
2019-04-17 11:25:12 restart login--重启登陆服务器
2019-04-17 11:25:12 restart file--重启文件服务器
2019-04-17 11:25:12 restart chat--重启聊天服务器
2019-04-17 11:25:12 logmode X--修改日志模式[0-5]
2019-04-17 11:25:12 输入命令: 
2019-04-17 11:26:37 ===========命令菜单======
2019-04-17 11:26:37 users--显示所有的注册用户
2019-04-17 11:26:37 onlines--显示所有的在线用户
2019-04-17 11:26:37 states--显示所有服务器的状态
2019-04-17 11:26:37 ports--显示所有服务器的端口
2019-04-17 11:26:37 restart all--重启所有服务器
2019-04-17 11:26:37 restart login--重启登陆服务器
2019-04-17 11:26:37 restart file--重启文件服务器
2019-04-17 11:26:37 restart chat--重启聊天服务器
2019-04-17 11:26:37 logmode X--修改日志模式[0-5]
2019-04-17 11:26:37 输入命令: 
2019-04-17 11:28:10 ===========命令菜单======
2019-04-17 11:28:10 users--显示所有的注册用户
2019-04-17 11:28:10 onlines--显示所有的在线用户
2019-04-17 11:28:10 states--显示所有服务器的状态
2019-04-17 11:28:10 ports--显示所有服务器的端口
2019-04-17 11:28:10 restart all--重启所有服务器
2019-04-17 11:28:10 restart login--重启登陆服务器
2019-04-17 11:28:10 restart file--重启文件服务器
2019-04-17 11:28:10 restart chat--重启聊天服务器
2019-04-17 11:28:10 logmode X--修改日志模式[0-5]
2019-04-17 11:28:10 输入命令: 
2019-04-17 11:31:25 ===========命令菜单======
2019-04-17 11:31:25 users--显示所有的注册用户
2019-04-17 11:31:25 onlines--显示所有的在线用户
2019-04-17 11:31:25 states--显示所有服务器的状态
2019-04-17 11:31:25 ports--显示所有服务器的端口
2019-04-17 11:31:25 restart all--重启所有服务器
2019-04-17 11:31:25 restart login--重启登陆服务器
2019-04-17 11:31:25 restart file--重启文件服务器
2019-04-17 11:31:25 restart chat--重启聊天服务器
2019-04-17 11:31:25 logmode X--修改日志模式[0-5]
2019-04-17 11:31:25 输入命令: 
2019-04-17 11:34:14 ===========命令菜单======
2019-04-17 11:34:14 users--显示所有的注册用户
2019-04-17 11:34:14 onlines--显示所有的在线用户
2019-04-17 11:34:14 states--显示所有服务器的状态
2019-04-17 11:34:14 ports--显示所有服务器的端口
2019-04-17 11:34:14 restart all--重启所有服务器
2019-04-17 11:34:14 restart login--重启登陆服务器
2019-04-17 11:34:14 restart file--重启文件服务器
2019-04-17 11:34:14 restart chat--重启聊天服务器
2019-04-17 11:34:14 logmode X--修改日志模式[0-5]
2019-04-17 11:34:14 输入命令: 
2019-04-17 11:34:51 ===========命令菜单======
2019-04-17 11:34:51 users--显示所有的注册用户
2019-04-17 11:34:51 onlines--显示所有的在线用户
2019-04-17 11:34:51 states--显示所有服务器的状态
2019-04-17 11:34:51 ports--显示所有服务器的端口
2019-04-17 11:34:51 restart all--重启所有服务器
2019-04-17 11:34:51 restart login--重启登陆服务器
2019-04-17 11:34:51 restart file--重启文件服务器
2019-04-17 11:34:51 restart chat--重启聊天服务器
2019-04-17 11:34:51 logmode X--修改日志模式[0-5]
2019-04-17 11:34:51 输入命令: 
2019-04-17 11:39:44 ===========命令菜单======
2019-04-17 11:39:44 users--显示所有的注册用户
2019-04-17 11:39:44 onlines--显示所有的在线用户
2019-04-17 11:39:44 states--显示所有服务器的状态
2019-04-17 11:39:44 ports--显示所有服务器的端口
2019-04-17 11:39:44 restart all--重启所有服务器
2019-04-17 11:39:44 restart login--重启登陆服务器
2019-04-17 11:39:44 restart file--重启文件服务器
2019-04-17 11:39:44 restart chat--重启聊天服务器
2019-04-17 11:39:44 logmode X--修改日志模式[0-5]
2019-04-17 11:39:44 输入命令: 
2019-04-17 12:06:21 ===========命令菜单======
2019-04-17 12:06:21 users--显示所有的注册用户
2019-04-17 12:06:21 onlines--显示所有的在线用户
2019-04-17 12:06:21 states--显示所有服务器的状态
2019-04-17 12:06:21 ports--显示所有服务器的端口
2019-04-17 12:06:21 restart all--重启所有服务器
2019-04-17 12:06:21 restart login--重启登陆服务器
2019-04-17 12:06:21 restart file--重启文件服务器
2019-04-17 12:06:21 restart chat--重启聊天服务器
2019-04-17 12:06:21 logmode X--修改日志模式[0-5]
2019-04-17 12:06:21 输入命令: 
2019-04-17 12:09:21 ===========命令菜单======
2019-04-17 12:09:21 users--显示所有的注册用户
2019-04-17 12:09:21 onlines--显示所有的在线用户
2019-04-17 12:09:21 states--显示所有服务器的状态
2019-04-17 12:09:21 ports--显示所有服务器的端口
2019-04-17 12:09:21 restart all--重启所有服务器
2019-04-17 12:09:21 restart login--重启登陆服务器
2019-04-17 12:09:21 restart file--重启文件服务器
2019-04-17 12:09:21 restart chat--重启聊天服务器
2019-04-17 12:09:21 logmode X--修改日志模式[0-5]
2019-04-17 12:09:21 输入命令: 
2019-04-17 12:10:58 ===========命令菜单======
2019-04-17 12:10:58 users--显示所有的注册用户
2019-04-17 12:10:58 onlines--显示所有的在线用户
2019-04-17 12:10:58 states--显示所有服务器的状态
2019-04-17 12:10:58 ports--显示所有服务器的端口
2019-04-17 12:10:58 restart all--重启所有服务器
2019-04-17 12:10:58 restart login--重启登陆服务器
2019-04-17 12:10:58 restart file--重启文件服务器
2019-04-17 12:10:58 restart chat--重启聊天服务器
2019-04-17 12:10:58 logmode X--修改日志模式[0-5]
2019-04-17 12:10:58 输入命令: 
2019-04-17 12:12:42 ===========命令菜单======
2019-04-17 12:12:42 users--显示所有的注册用户
2019-04-17 12:12:42 onlines--显示所有的在线用户
2019-04-17 12:12:42 states--显示所有服务器的状态
2019-04-17 12:12:42 ports--显示所有服务器的端口
2019-04-17 12:12:42 restart all--重启所有服务器
2019-04-17 12:12:42 restart login--重启登陆服务器
2019-04-17 12:12:42 restart file--重启文件服务器
2019-04-17 12:12:42 restart chat--重启聊天服务器
2019-04-17 12:12:42 logmode X--修改日志模式[0-5]
2019-04-17 12:12:42 输入命令: 
2019-04-17 12:18:26 ===========命令菜单======
2019-04-17 12:18:26 users--显示所有的注册用户
2019-04-17 12:18:26 onlines--显示所有的在线用户
2019-04-17 12:18:26 states--显示所有服务器的状态
2019-04-17 12:18:26 ports--显示所有服务器的端口
2019-04-17 12:18:26 restart all--重启所有服务器
2019-04-17 12:18:26 restart login--重启登陆服务器
2019-04-17 12:18:26 restart file--重启文件服务器
2019-04-17 12:18:26 restart chat--重启聊天服务器
2019-04-17 12:18:26 logmode X--修改日志模式[0-5]
2019-04-17 12:18:26 输入命令: 
2019-04-17 12:31:25 ===========命令菜单======
2019-04-17 12:31:25 users--显示所有的注册用户
2019-04-17 12:31:25 onlines--显示所有的在线用户
2019-04-17 12:31:25 states--显示所有服务器的状态
2019-04-17 12:31:25 ports--显示所有服务器的端口
2019-04-17 12:31:25 restart all--重启所有服务器
2019-04-17 12:31:25 restart login--重启登陆服务器
2019-04-17 12:31:25 restart file--重启文件服务器
2019-04-17 12:31:25 restart chat--重启聊天服务器
2019-04-17 12:31:25 logmode X--修改日志模式[0-5]
2019-04-17 12:31:25 输入命令: 
2019-04-17 12:37:30 ===========命令菜单======
2019-04-17 12:37:30 users--显示所有的注册用户
2019-04-17 12:37:30 onlines--显示所有的在线用户
2019-04-17 12:37:30 states--显示所有服务器的状态
2019-04-17 12:37:30 ports--显示所有服务器的端口
2019-04-17 12:37:30 restart all--重启所有服务器
2019-04-17 12:37:30 restart login--重启登陆服务器
2019-04-17 12:37:30 restart file--重启文件服务器
2019-04-17 12:37:30 restart chat--重启聊天服务器
2019-04-17 12:37:30 logmode X--修改日志模式[0-5]
2019-04-17 12:37:30 输入命令: 
2019-04-17 12:50:36 ===========命令菜单======
2019-04-17 12:50:36 users--显示所有的注册用户
2019-04-17 12:50:36 onlines--显示所有的在线用户
2019-04-17 12:50:36 states--显示所有服务器的状态
2019-04-17 12:50:36 ports--显示所有服务器的端口
2019-04-17 12:50:36 restart all--重启所有服务器
2019-04-17 12:50:36 restart login--重启登陆服务器
2019-04-17 12:50:36 restart file--重启文件服务器
2019-04-17 12:50:36 restart chat--重启聊天服务器
2019-04-17 12:50:36 logmode X--修改日志模式[0-5]
2019-04-17 12:50:36 输入命令: 
2019-04-17 13:19:04 ===========命令菜单======
2019-04-17 13:19:04 users--显示所有的注册用户
2019-04-17 13:19:04 onlines--显示所有的在线用户
2019-04-17 13:19:04 states--显示所有服务器的状态
2019-04-17 13:19:04 ports--显示所有服务器的端口
2019-04-17 13:19:04 restart all--重启所有服务器
2019-04-17 13:19:04 restart login--重启登陆服务器
2019-04-17 13:19:04 restart file--重启文件服务器
2019-04-17 13:19:04 restart chat--重启聊天服务器
2019-04-17 13:19:04 logmode X--修改日志模式[0-5]
2019-04-17 13:19:04 输入命令: 
2019-04-17 13:24:45 ===========命令菜单======
2019-04-17 13:24:45 users--显示所有的注册用户
2019-04-17 13:24:45 onlines--显示所有的在线用户
2019-04-17 13:24:45 states--显示所有服务器的状态
2019-04-17 13:24:45 ports--显示所有服务器的端口
2019-04-17 13:24:45 restart all--重启所有服务器
2019-04-17 13:24:45 restart login--重启登陆服务器
2019-04-17 13:24:45 restart file--重启文件服务器
2019-04-17 13:24:45 restart chat--重启聊天服务器
2019-04-17 13:24:45 logmode X--修改日志模式[0-5]
2019-04-17 13:24:45 输入命令: 
2019-04-17 13:26:36 ===========命令菜单======
2019-04-17 13:26:36 users--显示所有的注册用户
2019-04-17 13:26:36 onlines--显示所有的在线用户
2019-04-17 13:26:36 states--显示所有服务器的状态
2019-04-17 13:26:36 ports--显示所有服务器的端口
2019-04-17 13:26:36 restart all--重启所有服务器
2019-04-17 13:26:36 restart login--重启登陆服务器
2019-04-17 13:26:36 restart file--重启文件服务器
2019-04-17 13:26:36 restart chat--重启聊天服务器
2019-04-17 13:26:36 logmode X--修改日志模式[0-5]
2019-04-17 13:26:36 输入命令: 
2019-04-17 14:04:02 ===========命令菜单======
2019-04-17 14:04:02 users--显示所有的注册用户
2019-04-17 14:04:02 onlines--显示所有的在线用户
2019-04-17 14:04:02 states--显示所有服务器的状态
2019-04-17 14:04:02 ports--显示所有服务器的端口
2019-04-17 14:04:02 restart all--重启所有服务器
2019-04-17 14:04:02 restart login--重启登陆服务器
2019-04-17 14:04:02 restart file--重启文件服务器
2019-04-17 14:04:02 restart chat--重启聊天服务器
2019-04-17 14:04:02 logmode X--修改日志模式[0-5]
2019-04-17 14:04:02 输入命令: 
