2019-04-12 10:13:36 ===========命令菜单======
2019-04-12 10:13:36 users--显示所有的注册用户
2019-04-12 10:13:36 onlines--显示所有的在线用户
2019-04-12 10:13:36 states--显示所有服务器的状态
2019-04-12 10:13:36 ports--显示所有服务器的端口
2019-04-12 10:13:36 restart all--重启所有服务器
2019-04-12 10:13:36 restart login--重启登陆服务器
2019-04-12 10:13:36 restart file--重启文件服务器
2019-04-12 10:13:36 restart chat--重启聊天服务器
2019-04-12 10:13:36 logmode X--修改日志模式[0-5]
2019-04-12 10:13:36 输入命令: 
2019-04-12 10:41:32 ===========命令菜单======
2019-04-12 10:41:32 users--显示所有的注册用户
2019-04-12 10:41:32 onlines--显示所有的在线用户
2019-04-12 10:41:32 states--显示所有服务器的状态
2019-04-12 10:41:32 ports--显示所有服务器的端口
2019-04-12 10:41:32 restart all--重启所有服务器
2019-04-12 10:41:32 restart login--重启登陆服务器
2019-04-12 10:41:32 restart file--重启文件服务器
2019-04-12 10:41:32 restart chat--重启聊天服务器
2019-04-12 10:41:32 logmode X--修改日志模式[0-5]
2019-04-12 10:41:32 输入命令: 
